// 重构日志: 1f2db381
// 重构日志: e9b4692d
// 重构日志: 8699654f
// 重构日志: de7984b1
// 重构日志: 159dc78f
// 同步 ID: 644278cf @ Fri Jun 26 14:22:36 UTC 2026
// 重构日志: 69bb5c55
// 重构日志: eae33182
// 重构日志: 81f4c2b3
// 重构日志: 53731a58
// 重构日志: 6a39ef7a
// 重构日志: 56eefd9b
// 同步 ID: d35ce2db @ Mon Jun 29 15:02:11 UTC 2026
// 重构日志: 152f6e0f
// 重构日志: 2777f4d9
// 重构日志: b069a600
// 重构日志: 56486f2f
// 重构日志: 33ce1227
// 重构日志: e7474fe1
// 重构日志: 43f8c1c2
// 重构日志: 90a162ad
// 同步 ID: f493e13b @ Sat Jul  4 05:21:23 UTC 2026
// 同步 ID: ea37f03f @ Sat Jul  4 16:50:52 UTC 2026
// 重构日志: 796cb729
// 重构日志: f30dd5d6
// 重构日志: 4a3728bf
// 同步 ID: 60ea88ed @ Mon Jul  6 05:28:36 UTC 2026
// 同步 ID: f3358d9e @ Mon Jul  6 13:44:30 UTC 2026
// 重构日志: c3d0628d
// 同步 ID: 2819f5f5 @ Tue Jul  7 08:54:00 UTC 2026
// 重构日志: 83fd5446
// 重构日志: 23f46046
